
Showing logs for build [32mablazleon-udagram-frontend-pr-1-ftttk-1[0m stage [32mfrom-build-pack[0m and container [32mcredential-initializer[0m
{"level":"info","ts":1596581699.0646641,"caller":"creds-init/main.go:44","msg":"Credentials initialized."}

Showing logs for build [32mablazleon-udagram-frontend-pr-1-ftttk-1[0m stage [32mfrom-build-pack[0m and container [32mworking-dir-initializer[0m

Showing logs for build [32mablazleon-udagram-frontend-pr-1-ftttk-1[0m stage [32mfrom-build-pack[0m and container [32mplace-tools[0m

Showing logs for build [32mablazleon-udagram-frontend-pr-1-ftttk-1[0m stage [32mfrom-build-pack[0m and container [32mstep-git-source-ablazleon-udagram-frontend-pr-1-ftttk-l7469[0m
{"level":"info","ts":1596581706.6139953,"caller":"git/git.go:105","msg":"Successfully cloned https://github.com/*********/udagram-frontend.git @ master in path /workspace/source"}
{"level":"warn","ts":1596581706.6141672,"caller":"git/git.go:152","msg":"Unexpected error: creating symlink: symlink /tekton/home/.ssh /root/.ssh: file exists"}
{"level":"info","ts":1596581706.7119293,"caller":"git/git.go:133","msg":"Successfully initialized and updated submodules in path /workspace/source"}

Showing logs for build [32mablazleon-udagram-frontend-pr-1-ftttk-1[0m stage [32mfrom-build-pack[0m and container [32mstep-setup-builder-home[0m

Showing logs for build [32mablazleon-udagram-frontend-pr-1-ftttk-1[0m stage [32mfrom-build-pack[0m and container [32mstep-git-merge[0m
Using SHAs from PULL_REFS=master:3141ce5dc4e4ecf218990c3eded9c6ce98dd8d0e,15:ab3528070f2ab0b98f900559097d2b96f27eccdf
DEBUG: LC_ALL=C JX_LOG_LEVEL=error git fetch origin --unshallow ab3528070f2ab0b98f900559097d2b96f27eccdf: 3141ce5dc4e4ecf218990c3eded9c6ce98dd8d0e:
DEBUG: ran git fetch --unshallow origin ab3528070f2ab0b98f900559097d2b96f27eccdf: 3141ce5dc4e4ecf218990c3eded9c6ce98dd8d0e: in 
DEBUG: LC_ALL=C JX_LOG_LEVEL=error git branch
DEBUG: LC_ALL=C JX_LOG_LEVEL=error git checkout master
DEBUG: ran git checkout master in 
DEBUG: LC_ALL=C JX_LOG_LEVEL=error git reset --hard 3141ce5dc4e4ecf218990c3eded9c6ce98dd8d0e
DEBUG: ran git reset --hard 3141ce5dc4e4ecf218990c3eded9c6ce98dd8d0e in 
DEBUG: LC_ALL=C JX_LOG_LEVEL=error git clean -fd .
DEBUG: ran clean --force -d . in 
DEBUG: LC_ALL=C JX_LOG_LEVEL=error git merge ab3528070f2ab0b98f900559097d2b96f27eccdf
DEBUG: ran git merge ab3528070f2ab0b98f900559097d2b96f27eccdf in 
DEBUG: LC_ALL=C JX_LOG_LEVEL=error git log --format=%H%x1f%an%x1f%ae%x1f%cn%x1f%ce%x1f%s%n%b%x1e 3141ce5dc4e4ecf218990c3eded9c6ce98dd8d0e..HEAD
Merged SHA ab3528070f2ab0b98f900559097d2b96f27eccdf with commit message 'Update package.json' into base branch master

Showing logs for build [32mablazleon-udagram-frontend-pr-1-ftttk-1[0m stage [32mfrom-build-pack[0m and container [32mstep-build-npmrc[0m
WARNING: failed to find Secret npm-token in namespace **

Showing logs for build [32mablazleon-udagram-frontend-pr-1-ftttk-1[0m stage [32mfrom-build-pack[0m and container [32mstep-build-npm-install[0m

> core-js@3.6.4 postinstall /workspace/source/node_modules/@angular-devkit/build-angular/node_modules/core-js
> node -e "try{require('./postinstall')}catch(e){}"


> core-js@2.6.9 postinstall /workspace/source/node_modules/core-js
> node scripts/postinstall || echo "ignore"

[96mThank you for using core-js ([94m https://github.com/zloirock/core-js [96m) for polyfilling JavaScript standard library![0m

[96mThe project needs your help! Please consider supporting of core-js on Open Collective or Patreon: [0m
[96m>[94m https://opencollective.com/core-js [0m
[96m>[94m https://www.patreon.com/zloirock [0m

[96mAlso, the author of core-js ([94m https://github.com/zloirock [96m) is looking for a good job -)[0m


> @angular/cli@8.3.25 postinstall /workspace/source/node_modules/@angular/cli
> node ./bin/postinstall/script.js

npm WARN optional SKIPPING OPTIONAL DEPENDENCY: fsevents@1.2.9 (node_modules/fsevents):
npm WARN notsup SKIPPING OPTIONAL DEPENDENCY: Unsupported platform for fsevents@1.2.9: wanted {"os":"darwin","arch":"any"} (current: {"os":"linux","arch":"x64"})

added 1366 packages from 1049 contributors and audited 1437 packages in 140.39s
found 1388 vulnerabilities (1383 low, 1 moderate, 4 high)
  run `npm audit fix` to fix them, or `npm audit` for details

Showing logs for build [32mablazleon-udagram-frontend-pr-1-ftttk-1[0m stage [32mfrom-build-pack[0m and container [32mstep-build-npm-test[0m

> udagram-frontend@0.0.1 test /workspace/source
> echo "test" 

test

Showing logs for build [32mablazleon-udagram-frontend-pr-1-ftttk-1[0m stage [32mfrom-build-pack[0m and container [32mstep-build-container-build[0m
E0804 22:57:36.380330      10 aws_credentials.go:77] while getting AWS credentials NoCredentialProviders: no valid providers in chain. Deprecated.
	For verbose messaging see aws.Config.CredentialsChainVerboseErrors
[36mINFO[0m[0001] Resolved base name node:13-alpine to build   
[36mINFO[0m[0001] Using dockerignore file: /workspace/source/.dockerignore 
[36mINFO[0m[0001] Retrieving image manifest node:13-alpine     
E0804 22:57:36.988200      10 metadata.go:154] while reading 'google-dockercfg' metadata: http status code: 404 while fetching url http://metadata.google.internal./computeMetadata/v1/instance/attributes/google-dockercfg
E0804 22:57:36.991871      10 metadata.go:166] while reading 'google-dockercfg-url' metadata: http status code: 404 while fetching url http://metadata.google.internal./computeMetadata/v1/instance/attributes/google-dockercfg-url
[36mINFO[0m[0002] Retrieving image manifest node:13-alpine     
[36mINFO[0m[0002] Retrieving image manifest nginx:alpine       
[36mINFO[0m[0003] Retrieving image manifest nginx:alpine       
[36mINFO[0m[0003] Built cross stage deps: map[0:[/app/www/]]   
[36mINFO[0m[0003] Retrieving image manifest node:13-alpine     
[36mINFO[0m[0004] Retrieving image manifest node:13-alpine     
[36mINFO[0m[0004] Executing 0 build triggers                   
[36mINFO[0m[0004] Resolving srcs [package*.json]...            
[36mINFO[0m[0005] Checking for cached layer gcr.io/striking-joy-285411/cache:d4c064e47bcee1c8b7f70a2e2226a18df83376d6fbca271a637e76657dccd5ff... 
[36mINFO[0m[0006] No cached layer found for cmd COPY package*.json /app/ 
[36mINFO[0m[0075] Unpacking rootfs as cmd COPY package*.json /app/ requires it. 
[36mINFO[0m[0080] WORKDIR /app                                 
[36mINFO[0m[0080] cmd: workdir                                 
[36mINFO[0m[0080] Changed working directory to /app            
[36mINFO[0m[0080] Creating directory /app                      
[36mINFO[0m[0080] Resolving 1 paths                            
[36mINFO[0m[0080] Taking snapshot of files...                  
[36mINFO[0m[0080] Resolving srcs [package*.json]...            
[36mINFO[0m[0083] COPY package*.json /app/                     
[36mINFO[0m[0083] Resolving srcs [package*.json]...            
[36mINFO[0m[0088] Resolving 2 paths                            
[36mINFO[0m[0088] Taking snapshot of files...                  
[36mINFO[0m[0088] Pushing layer gcr.io/striking-joy-285411/cache:d4c064e47bcee1c8b7f70a2e2226a18df83376d6fbca271a637e76657dccd5ff to cache now 
[36mINFO[0m[0088] RUN npm install -g ionic                     
[36mINFO[0m[0088] Taking snapshot of full filesystem...        
[36mINFO[0m[0088] Resolving 6090 paths                         
[36mINFO[0m[0090] cmd: /bin/sh                                 
[36mINFO[0m[0090] args: [-c npm install -g ionic]              
[36mINFO[0m[0090] Running: [/bin/sh -c npm install -g ionic]   
npm WARN deprecated ionic@5.4.16: The Ionic CLI now uses ✨ @ionic/cli ✨ for its package name! 👉 https://twitter.com/ionicframework/status/1223268498362851330
/usr/local/bin/ionic -> /usr/local/lib/node_modules/ionic/bin/ionic
+ ionic@5.4.16
added 239 packages from 153 contributors in 18.818s
[36mINFO[0m[0109] Taking snapshot of full filesystem...        
[36mINFO[0m[0109] Resolving 16322 paths                        
[36mINFO[0m[0117] RUN npm install                              
[36mINFO[0m[0117] cmd: /bin/sh                                 
[36mINFO[0m[0117] args: [-c npm install]                       
[36mINFO[0m[0117] Running: [/bin/sh -c npm install]            
[36mINFO[0m[0117] Pushing layer gcr.io/striking-joy-285411/cache:cca8a76eca61ca427ba31e99abb57d9114c78b3b77484bad96fcf3498e5fbbe7 to cache now 

> core-js@3.6.4 postinstall /app/node_modules/@angular-devkit/build-angular/node_modules/core-js
> node -e "try{require('./postinstall')}catch(e){}"

[96mThank you for using core-js ([94m https://github.com/zloirock/core-js [96m) for polyfilling JavaScript standard library![0m

[96mThe project needs your help! Please consider supporting of core-js on Open Collective or Patreon: [0m
[96m>[94m https://opencollective.com/core-js [0m
[96m>[94m https://www.patreon.com/zloirock [0m

[96mAlso, the author of core-js ([94m https://github.com/zloirock [96m) is looking for a good job -)[0m


> core-js@2.6.9 postinstall /app/node_modules/core-js
> node scripts/postinstall || echo "ignore"

[96mThank you for using core-js ([94m https://github.com/zloirock/core-js [96m) for polyfilling JavaScript standard library![0m

[96mThe project needs your help! Please consider supporting of core-js on Open Collective or Patreon: [0m
[96m>[94m https://opencollective.com/core-js [0m
[96m>[94m https://www.patreon.com/zloirock [0m

[96mAlso, the author of core-js ([94m https://github.com/zloirock [96m) is looking for a good job -)[0m


> @angular/cli@8.3.25 postinstall /app/node_modules/@angular/cli
> node ./bin/postinstall/script.js

npm WARN optional SKIPPING OPTIONAL DEPENDENCY: fsevents@1.2.9 (node_modules/fsevents):
npm WARN notsup SKIPPING OPTIONAL DEPENDENCY: Unsupported platform for fsevents@1.2.9: wanted {"os":"darwin","arch":"any"} (current: {"os":"linux","arch":"x64"})

added 1366 packages from 1049 contributors and audited 1437 packages in 159.703s

29 packages are looking for funding
  run `npm fund` for details

found 1388 vulnerabilities (1383 low, 1 moderate, 4 high)
  run `npm audit fix` to fix them, or `npm audit` for details
[36mINFO[0m[0281] Taking snapshot of full filesystem...        
[36mINFO[0m[0281] Resolving 106255 paths                       
[36mINFO[0m[0726] Pushing layer gcr.io/striking-joy-285411/cache:902f286677bfa49d7dbcd48e5aac2b9e5cb5081a673725c5e6c9b8e32c618602 to cache now 
[36mINFO[0m[1135] COPY ./ /app/                                
[36mINFO[0m[1665] Resolving 86097 paths                        
[36mINFO[0m[1670] Taking snapshot of files...                  
[36mINFO[0m[1795] Pushing layer gcr.io/striking-joy-285411/cache:e2dd9a7615b2373dac964566a681dac48c5ea44016f1dbbc04492c1cf5781906 to cache now 
[36mINFO[0m[1795] RUN npm run-script build:prod                
[36mINFO[0m[1795] cmd: /bin/sh                                 
[36mINFO[0m[1795] args: [-c npm run-script build:prod]         
[36mINFO[0m[1795] Running: [/bin/sh -c npm run-script build:prod] 

> udagram-frontend@0.0.1 build:prod /app
> ng build


chunk {0} 0.js, 0.js.map () 16.4 kB  [rendered]
chunk {1} 1.js, 1.js.map () 17.3 kB  [rendered]
chunk {2} 2.js, 2.js.map () 31.4 kB  [rendered]
chunk {3} 3.js, 3.js.map () 33 kB  [rendered]
chunk {4} 4.js, 4.js.map () 25.7 kB  [rendered]
chunk {5} 5.js, 5.js.map () 26.6 kB  [rendered]
chunk {6} 6.js, 6.js.map () 24.7 kB  [rendered]
chunk {7} 7.js, 7.js.map () 26.1 kB  [rendered]
chunk {8} 8.js, 8.js.map () 23.9 kB  [rendered]
chunk {9} 9.js, 9.js.map () 23.9 kB  [rendered]
chunk {10} 10.js, 10.js.map () 32.5 kB  [rendered]
chunk {11} 11.js, 11.js.map () 33.6 kB  [rendered]
chunk {12} 12.js, 12.js.map () 33.7 kB  [rendered]
chunk {13} 13.js, 13.js.map () 34.2 kB  [rendered]
chunk {14} 14.js, 14.js.map () 30.1 kB  [rendered]
chunk {15} 15.js, 15.js.map () 31.1 kB  [rendered]
chunk {16} 16.js, 16.js.map () 31.5 kB  [rendered]
chunk {17} 17.js, 17.js.map () 32 kB  [rendered]
chunk {18} 18.js, 18.js.map () 30.4 kB  [rendered]
chunk {19} 19.js, 19.js.map () 30.4 kB  [rendered]
chunk {20} 20.js, 20.js.map () 23.6 kB  [rendered]
chunk {21} 21.js, 21.js.map () 24.4 kB  [rendered]
chunk {22} 22.js, 22.js.map () 23.4 kB  [rendered]
chunk {23} 23.js, 23.js.map () 24.2 kB  [rendered]
chunk {24} 24.js, 24.js.map () 25.5 kB  [rendered]
chunk {25} 25.js, 25.js.map () 25.6 kB  [rendered]
chunk {26} 26.js, 26.js.map () 25.6 kB  [rendered]
chunk {27} 27.js, 27.js.map () 25.7 kB  [rendered]
chunk {28} 28.js, 28.js.map () 23.9 kB  [rendered]
chunk {29} 29.js, 29.js.map () 23.9 kB  [rendered]
chunk {30} 30.js, 30.js.map () 42.4 kB  [rendered]
chunk {31} 31.js, 31.js.map () 43.2 kB  [rendered]
chunk {32} 32.js, 32.js.map () 21.3 kB  [rendered]
chunk {33} 33.js, 33.js.map () 21.9 kB  [rendered]
chunk {34} 34.js, 34.js.map () 25.7 kB  [rendered]
chunk {35} 35.js, 35.js.map () 26.6 kB  [rendered]
chunk {36} 36.js, 36.js.map () 33.6 kB  [rendered]
chunk {37} 37.js, 37.js.map () 34 kB  [rendered]
chunk {38} 38.js, 38.js.map () 32.8 kB  [rendered]
chunk {39} 39.js, 39.js.map () 32.8 kB  [rendered]
chunk {40} 40.js, 40.js.map () 21.4 kB  [rendered]
chunk {41} 41.js, 41.js.map () 22 kB  [rendered]
chunk {42} 42.js, 42.js.map () 31.6 kB  [rendered]
chunk {43} 43.js, 43.js.map () 32.1 kB  [rendered]
chunk {44} 44.js, 44.js.map () 32.4 kB  [rendered]
chunk {45} 45.js, 45.js.map () 33.5 kB  [rendered]
chunk {46} 46.js, 46.js.map () 42.5 kB  [rendered]
chunk {47} 47.js, 47.js.map () 43.3 kB  [rendered]
chunk {48} 48.js, 48.js.map () 24.1 kB  [rendered]
chunk {49} 49.js, 49.js.map () 25 kB  [rendered]
chunk {50} 50.js, 50.js.map () 33.5 kB  [rendered]
chunk {51} 51.js, 51.js.map () 33.5 kB  [rendered]
chunk {52} 52.js, 52.js.map () 22.8 kB  [rendered]
chunk {53} 53.js, 53.js.map () 22.8 kB  [rendered]
chunk {54} 54.js, 54.js.map () 46.5 kB  [rendered]
chunk {55} 55.js, 55.js.map () 46.6 kB  [rendered]
chunk {56} 56.js, 56.js.map () 15.9 kB  [rendered]
chunk {57} 57.js, 57.js.map () 16.1 kB  [rendered]
chunk {58} 58.js, 58.js.map () 22.8 kB  [rendered]
chunk {59} 59.js, 59.js.map () 23.1 kB  [rendered]
chunk {60} 60.js, 60.js.map () 22.4 kB  [rendered]
chunk {61} 61.js, 61.js.map () 22.7 kB  [rendered]
chunk {62} 62.js, 62.js.map () 25.4 kB  [rendered]
chunk {63} 63.js, 63.js.map () 27.2 kB  [rendered]
chunk {64} 64.js, 64.js.map () 25.8 kB  [rendered]
chunk {65} 65.js, 65.js.map () 27.3 kB  [rendered]
chunk {66} 66.js, 66.js.map () 16.6 kB  [rendered]
chunk {67} 67.js, 67.js.map () 16.9 kB  [rendered]
chunk {68} 68.js, 68.js.map () 16.6 kB  [rendered]
chunk {69} 69.js, 69.js.map () 16.9 kB  [rendered]
chunk {70} 70.js, 70.js.map () 16 kB  [rendered]
chunk {71} 71.js, 71.js.map () 16.1 kB  [rendered]
chunk {72} 72.js, 72.js.map () 17.6 kB  [rendered]
chunk {73} 73.js, 73.js.map () 18 kB  [rendered]
chunk {74} 74.js, 74.js.map () 24.9 kB  [rendered]
chunk {75} 75.js, 75.js.map () 27.8 kB  [rendered]
chunk {76} 76.js, 76.js.map () 26.9 kB  [rendered]
chunk {77} 77.js, 77.js.map () 28.8 kB  [rendered]
chunk {78} 78.js, 78.js.map () 25.2 kB  [rendered]
chunk {79} 79.js, 79.js.map () 28 kB  [rendered]
chunk {80} 80.js, 80.js.map () 22.2 kB  [rendered]
chunk {81} 81.js, 81.js.map () 22.3 kB  [rendered]
chunk {82} 82.js, 82.js.map () 49.9 kB  [rendered]
chunk {83} 83.js, 83.js.map () 52.4 kB  [rendered]
chunk {84} 84.js, 84.js.map () 46.3 kB  [rendered]
chunk {85} 85.js, 85.js.map () 48.4 kB  [rendered]
chunk {86} 86.js, 86.js.map () 12.9 kB  [rendered]
chunk {87} 87.js, 87.js.map () 13 kB  [rendered]
chunk {88} 88.js, 88.js.map () 26.6 kB  [rendered]
chunk {89} 89.js, 89.js.map () 28.2 kB  [rendered]
chunk {90} 90.js, 90.js.map () 46.5 kB  [rendered]
chunk {91} 91.js, 91.js.map () 46.6 kB  [rendered]
chunk {92} 92.js, 92.js.map () 30 kB  [rendered]
chunk {93} 93.js, 93.js.map () 30 kB  [rendered]
chunk {94} 94.js, 94.js.map () 16.6 kB  [rendered]
chunk {95} 95.js, 95.js.map () 16.6 kB  [rendered]
chunk {96} 96.js, 96.js.map () 6.43 kB  [rendered]
chunk {97} 97.js, 97.js.map () 6.5 kB  [rendered]
chunk {98} 98.js, 98.js.map () 17.6 kB  [rendered]
chunk {99} 99.js, 99.js.map () 17.6 kB  [rendered]
chunk {100} 100.js, 100.js.map () 6.43 kB  [rendered]
chunk {101} 101.js, 101.js.map () 6.51 kB  [rendered]
chunk {102} 102.js, 102.js.map () 44.1 kB  [rendered]
chunk {103} 103.js, 103.js.map () 44.5 kB  [rendered]
chunk {104} 104.js, 104.js.map () 44.4 kB  [rendered]
chunk {105} 105.js, 105.js.map () 44.9 kB  [rendered]
chunk {106} 106.js, 106.js.map () 19.8 kB  [rendered]
chunk {107} 107.js, 107.js.map () 19.8 kB  [rendered]
chunk {108} 108.js, 108.js.map () 16.6 kB  [rendered]
chunk {109} 109.js, 109.js.map () 16.6 kB  [rendered]
chunk {110} 110.js, 110.js.map () 19.4 kB  [rendered]
chunk {111} 111.js, 111.js.map () 19.5 kB  [rendered]
chunk {112} 112.js, 112.js.map () 17.6 kB  [rendered]
chunk {113} 113.js, 113.js.map () 17.6 kB  [rendered]
chunk {114} 114.js, 114.js.map () 17.8 kB  [rendered]
chunk {115} 115.js, 115.js.map () 17.9 kB  [rendered]
chunk {116} 116.js, 116.js.map () 13.7 kB  [rendered]
chunk {117} 117.js, 117.js.map () 13.8 kB  [rendered]
chunk {118} 118.js, 118.js.map () 19.4 kB  [rendered]
chunk {119} 119.js, 119.js.map () 19.4 kB  [rendered]
chunk {120} 120.js, 120.js.map () 10.4 kB  [rendered]
chunk {121} 121.js, 121.js.map () 10.4 kB  [rendered]
chunk {122} 122.js, 122.js.map () 27.5 kB  [rendered]
chunk {123} 123.js, 123.js.map () 28.3 kB  [rendered]
chunk {124} 124.js, 124.js.map () 10.8 kB  [rendered]
chunk {125} 125.js, 125.js.map () 10.8 kB  [rendered]
chunk {126} 126.js, 126.js.map () 17.3 kB  [rendered]
chunk {127} 127.js, 127.js.map () 17.3 kB  [rendered]
chunk {128} 128.js, 128.js.map () 24.5 kB  [rendered]
chunk {129} 129.js, 129.js.map () 24.5 kB  [rendered]
chunk {130} 130.js, 130.js.map () 2.83 kB  [rendered]
chunk {131} 131.js, 131.js.map () 2.88 kB  [rendered]
chunk {132} 132.js, 132.js.map () 4.43 kB  [rendered]
chunk {133} 133.js, 133.js.map () 4.45 kB  [rendered]
chunk {134} 134.js, 134.js.map () 10.7 kB  [rendered]
chunk {135} 135.js, 135.js.map () 10.8 kB  [rendered]
chunk {136} 136.js, 136.js.map () 4.44 kB  [rendered]
chunk {137} 137.js, 137.js.map () 4.45 kB  [rendered]
chunk {138} 138.js, 138.js.map () 10.1 kB  [rendered]
chunk {139} 139.js, 139.js.map () 10.2 kB  [rendered]
chunk {140} 140.js, 140.js.map () 13 kB  [rendered]
chunk {141} 141.js, 141.js.map () 13 kB  [rendered]
chunk {142} 142.js, 142.js.map () 27.8 kB  [rendered]
chunk {143} 143.js, 143.js.map () 28.6 kB  [rendered]
chunk {144} 144.js, 144.js.map () 14.3 kB  [rendered]
chunk {145} 145.js, 145.js.map () 14.5 kB  [rendered]
chunk {146} 146.js, 146.js.map () 14.4 kB  [rendered]
chunk {147} 147.js, 147.js.map () 15.1 kB  [rendered]
chunk {148} 148.js, 148.js.map () 14.4 kB  [rendered]
chunk {149} 149.js, 149.js.map () 14.4 kB  [rendered]
chunk {150} 150.js, 150.js.map () 24.4 kB  [rendered]
chunk {151} 151.js, 151.js.map () 24.5 kB  [rendered]
chunk {152} 152.js, 152.js.map () 15.1 kB  [rendered]
chunk {153} 153.js, 153.js.map () 15.8 kB  [rendered]
chunk {154} 154.js, 154.js.map () 13.6 kB  [rendered]
chunk {155} 155.js, 155.js.map () 13.6 kB  [rendered]
chunk {chunk-172145ad-js} chunk-172145ad-js.js, chunk-172145ad-js.js.map (chunk-172145ad-js) 5.52 kB  [rendered]
chunk {chunk-1d62a940-js} chunk-1d62a940-js.js, chunk-1d62a940-js.js.map (chunk-1d62a940-js) 12.9 kB  [rendered]
chunk {chunk-267dafff-js} chunk-267dafff-js.js, chunk-267dafff-js.js.map (chunk-267dafff-js) 1.43 kB  [rendered]
chunk {chunk-2a112823-js} chunk-2a112823-js.js, chunk-2a112823-js.js.map (chunk-2a112823-js) 1.49 kB  [rendered]
chunk {chunk-4513ec06-js} chunk-4513ec06-js.js, chunk-4513ec06-js.js.map (chunk-4513ec06-js) 3.25 kB  [rendered]
chunk {chunk-75ece731-js} chunk-75ece731-js.js, chunk-75ece731-js.js.map (chunk-75ece731-js) 1.01 kB  [rendered]
chunk {chunk-8cdfc1ff-js} chunk-8cdfc1ff-js.js, chunk-8cdfc1ff-js.js.map (chunk-8cdfc1ff-js) 4.27 kB  [rendered]
chunk {chunk-f2d9e763-js} chunk-f2d9e763-js.js, chunk-f2d9e763-js.js.map (chunk-f2d9e763-js) 1.63 kB  [rendered]
chunk {chunk-f5118fa0-js} chunk-f5118fa0-js.js, chunk-f5118fa0-js.js.map (chunk-f5118fa0-js) 1.77 kB  [rendered]
chunk {chunk-f9db771e-js} chunk-f9db771e-js.js, chunk-f9db771e-js.js.map (chunk-f9db771e-js) 93.8 kB  [rendered]
chunk {common} common.js, common.js.map (common) 20.3 kB  [rendered]
chunk {home-home-module} home-home-module.js, home-home-module.js.map (home-home-module) 35.8 kB  [rendered]
chunk {main} main.js, main.js.map (main) 88.7 kB [initial] [rendered]
chunk {polyfills} polyfills.js, polyfills.js.map (polyfills) 314 kB [initial] [rendered]
chunk {polyfills-array-js} polyfills-array-js.js, polyfills-array-js.js.map (polyfills-array-js) 3.11 kB  [rendered]
chunk {polyfills-css-shim-js} polyfills-css-shim-js.js, polyfills-css-shim-js.js.map (polyfills-css-shim-js) 12.1 kB  [rendered]
chunk {polyfills-dom-js} polyfills-dom-js.js, polyfills-dom-js.js.map (polyfills-dom-js) 14.6 kB  [rendered]
chunk {polyfills-es5} polyfills-es5.js, polyfills-es5.js.map (polyfills-es5) 714 kB [initial] [rendered]
chunk {polyfills-fetch-js} polyfills-fetch-js.js, polyfills-fetch-js.js.map (polyfills-fetch-js) 7.95 kB  [rendered]
chunk {polyfills-object-js} polyfills-object-js.js, polyfills-object-js.js.map (polyfills-object-js) 1.66 kB  [rendered]
chunk {polyfills-string-js} polyfills-string-js.js, polyfills-string-js.js.map (polyfills-string-js) 1.39 kB  [rendered]
chunk {polyfills-url-js} polyfills-url-js.js, polyfills-url-js.js.map (polyfills-url-js) 5.05 kB  [rendered]
chunk {runtime} runtime.js, runtime.js.map (runtime) 9.7 kB [entry] [rendered]
chunk {styles} styles.js, styles.js.map (styles) 83.5 kB [initial] [rendered]
chunk {vendor} vendor.js, vendor.js.map (vendor) 4.49 MB [initial] [rendered]
Date: 2020-08-04T23:28:17.513Z - Hash: 9f52195d259ac0bbf803 - Time: 23392ms
[36mINFO[0m[1842] Taking snapshot of full filesystem...        
[36mINFO[0m[1846] Resolving 107574 paths                       
[36mINFO[0m[2406] Pushing layer gcr.io/striking-joy-285411/cache:b3d7b775fe99550893cdafa70ef287f7174ab4bf9b585e1e9dd2a587786e36ab to cache now 
[36mINFO[0m[2409] Saving file app/www for later use            
[36mINFO[0m[2409] Deleting filesystem...                       
[36mINFO[0m[2422] Retrieving image manifest nginx:alpine       
E0804 23:37:57.620905      10 metadata.go:154] while reading 'google-dockercfg' metadata: http status code: 404 while fetching url http://metadata.google.internal./computeMetadata/v1/instance/attributes/google-dockercfg
E0804 23:37:57.624211      10 metadata.go:166] while reading 'google-dockercfg-url' metadata: http status code: 404 while fetching url http://metadata.google.internal./computeMetadata/v1/instance/attributes/google-dockercfg-url
[36mINFO[0m[2422] Retrieving image manifest nginx:alpine       
[36mINFO[0m[2422] Executing 0 build triggers                   
[36mINFO[0m[2422] Checking for cached layer gcr.io/striking-joy-285411/cache:b40270d56f5827bf44e977a8253acac805b5fe3eda86e49c2db87473456e4329... 
[36mINFO[0m[2423] No cached layer found for cmd RUN rm -rf /usr/share/nginx/html/* 
[36mINFO[0m[2423] Unpacking rootfs as cmd RUN rm -rf /usr/share/nginx/html/* requires it. 
[36mINFO[0m[2424] RUN rm -rf /usr/share/nginx/html/*           
[36mINFO[0m[2424] Taking snapshot of full filesystem...        
[36mINFO[0m[2424] Resolving 2362 paths                         
[36mINFO[0m[2424] cmd: /bin/sh                                 
[36mINFO[0m[2424] args: [-c rm -rf /usr/share/nginx/html/*]    
[36mINFO[0m[2424] Running: [/bin/sh -c rm -rf /usr/share/nginx/html/*] 
[36mINFO[0m[2424] Taking snapshot of full filesystem...        
[36mINFO[0m[2424] Resolving 2360 paths                         
[36mINFO[0m[2425] Pushing layer gcr.io/striking-joy-285411/cache:b40270d56f5827bf44e977a8253acac805b5fe3eda86e49c2db87473456e4329 to cache now 
[36mINFO[0m[2425] COPY --from=build /app/www/ /usr/share/nginx/html/ 
[36mINFO[0m[2425] Resolving 1065 paths                         
[36mINFO[0m[2425] Taking snapshot of files...                  
[36mINFO[0m[2426] Pushing layer gcr.io/striking-joy-285411/cache:085307c4fea8d80b5beafd0ab3e730bafe24354e72695e0859467d10d70dcd7f to cache now 

Showing logs for build [32mablazleon-udagram-frontend-pr-1-ftttk-1[0m stage [32mfrom-build-pack[0m and container [32mstep-postbuild-post-build[0m
no CVE provider running in the current ** namespace so skip adding image to be analysed

Showing logs for build [32mablazleon-udagram-frontend-pr-1-ftttk-1[0m stage [32mfrom-build-pack[0m and container [32mstep-promote-make-preview[0m
sed -i -e "s/version:.*/version: 0.0.0-SNAPSHOT-PR-15-1/" Chart.yaml
sed -i -e "s/version:.*/version: 0.0.0-SNAPSHOT-PR-15-1/" ../*/Chart.yaml
sed -i -e "s|repository:.*|repository: gcr.io\/myenv-283021\/udagram-frontend|" values.yaml
sed -i -e "s/tag:.*/tag: 0.0.0-SNAPSHOT-PR-15-1/" values.yaml
echo "  version: 0.0.0-SNAPSHOT-PR-15-1" >> requirements.yaml
** step helm build
WARNING: No $CHART_REPOSITORY defined so using the default value of: http://jenkins-x-chartmuseum:8080
Adding missing Helm repo: storage.googleapis.com https://storage.googleapis.com/chartmuseum.jenkins-x.io
Successfully added Helm repository storage.googleapis.com.
Adding missing Helm repo: jenkins-x-chartmuseum http://jenkins-x-chartmuseum:8080
Successfully added Helm repository jenkins-x-chartmuseum.
WARNING: No $CHART_REPOSITORY defined so using the default value of: http://jenkins-x-chartmuseum:8080
Adding missing Helm repo: chartmuseum.jenkins-x.io http://chartmuseum.jenkins-x.io
Successfully added Helm repository chartmuseum.jenkins-x.io.

Showing logs for build [32mablazleon-udagram-frontend-pr-1-ftttk-1[0m stage [32mfrom-build-pack[0m and container [32mstep-promote-jx-preview[0m
Creating a preview
Found commit author match for: ********* with email address: adrian.blazquez.leon@alumnos.upm.es
Created environment *********-udagram-frontend-pr-15
Namespace **-*********-udagram-frontend-pr-15 created 
expose:
  Annotations:
    helm.sh/hook: post-install,post-upgrade
    helm.sh/hook-delete-policy: hook-succeeded
  config:
    domain: 34.75.43.43.nip.io
    exposer: Ingress
    http: "true"
preview:
  image:
    repository: gcr.io/striking-joy-285411/udagram-frontend
    tag: 0.0.0-SNAPSHOT-PR-15-1

Updating PipelineActivities *********-udagram-frontend-pr-15-1 which has status Running
WARNING: preview application http://udagram-frontend.**-*********-udagram-frontend-pr-15.34.75.43.43.nip.io not available, error was 503 503 Service Temporarily Unavailable, delaying for: 783.034151ms
WARNING: preview application http://udagram-frontend.**-*********-udagram-frontend-pr-15.34.75.43.43.nip.io not available, error was 503 503 Service Temporarily Unavailable, delaying for: 1.077829579s
WARNING: preview application http://udagram-frontend.**-*********-udagram-frontend-pr-15.34.75.43.43.nip.io not available, error was 503 503 Service Temporarily Unavailable, delaying for: 2.409014871s
WARNING: preview application http://udagram-frontend.**-*********-udagram-frontend-pr-15.34.75.43.43.nip.io not available, error was 503 503 Service Temporarily Unavailable, delaying for: 2.690153652s
WARNING: preview application http://udagram-frontend.**-*********-udagram-frontend-pr-15.34.75.43.43.nip.io not available, error was 503 503 Service Temporarily Unavailable, delaying for: 6.912008504s
WARNING: preview application http://udagram-frontend.**-*********-udagram-frontend-pr-15.34.75.43.43.nip.io not available, error was 503 503 Service Temporarily Unavailable, delaying for: 4.011801539s
WARNING: preview application http://udagram-frontend.**-*********-udagram-frontend-pr-15.34.75.43.43.nip.io not available, error was 503 503 Service Temporarily Unavailable, delaying for: 16.803924065s
WARNING: preview application http://udagram-frontend.**-*********-udagram-frontend-pr-15.34.75.43.43.nip.io not available, error was 503 503 Service Temporarily Unavailable, delaying for: 9.553100503s
WARNING: preview application http://udagram-frontend.**-*********-udagram-frontend-pr-15.34.75.43.43.nip.io not available, error was 503 503 Service Temporarily Unavailable, delaying for: 17.255077299s
WARNING: preview application http://udagram-frontend.**-*********-udagram-frontend-pr-15.34.75.43.43.nip.io not available, error was 503 503 Service Temporarily Unavailable, delaying for: 29.928448281s
WARNING: preview application http://udagram-frontend.**-*********-udagram-frontend-pr-15.34.75.43.43.nip.io not available, error was 503 503 Service Temporarily Unavailable, delaying for: 43.452942397s
WARNING: preview application http://udagram-frontend.**-*********-udagram-frontend-pr-15.34.75.43.43.nip.io not available, error was 503 503 Service Temporarily Unavailable, delaying for: 51.708328829s
WARNING: preview application http://udagram-frontend.**-*********-udagram-frontend-pr-15.34.75.43.43.nip.io not available, error was 503 503 Service Temporarily Unavailable, delaying for: 1m23.66170376s
WARNING: preview application http://udagram-frontend.**-*********-udagram-frontend-pr-15.34.75.43.43.nip.io not available, error was 503 503 Service Temporarily Unavailable, delaying for: 34.457459937s
error: error checking if preview application http://udagram-frontend.**-*********-udagram-frontend-pr-15.34.75.43.43.nip.io is available: preview application http://udagram-frontend.**-*********-udagram-frontend-pr-15.34.75.43.43.nip.io not available, error was 503 503 Service Temporarily Unavailable
[31m
Pipeline failed on stage 'from-build-pack' : container 'step-promote-jx-preview'. The execution of the pipeline has stopped.[0m
