
Showing logs for build [32mablazleon-udagram-frontend-mast-7pfgp-3[0m stage [32mfrom-build-pack[0m and container [32mcredential-initializer[0m
{"level":"info","ts":1595971804.9525154,"caller":"creds-init/main.go:44","msg":"Credentials initialized."}

Showing logs for build [32mablazleon-udagram-frontend-mast-7pfgp-3[0m stage [32mfrom-build-pack[0m and container [32mworking-dir-initializer[0m

Showing logs for build [32mablazleon-udagram-frontend-mast-7pfgp-3[0m stage [32mfrom-build-pack[0m and container [32mplace-tools[0m

Showing logs for build [32mablazleon-udagram-frontend-mast-7pfgp-3[0m stage [32mfrom-build-pack[0m and container [32mstep-git-source-ablazleon-udagram-frontend-mast-7pfgp-x2zfg[0m
{"level":"info","ts":1595971813.9491131,"caller":"git/git.go:105","msg":"Successfully cloned https://github.com/*********/udagram-frontend.git @ v0.0.10 in path /workspace/source"}
{"level":"warn","ts":1595971813.9492004,"caller":"git/git.go:152","msg":"Unexpected error: creating symlink: symlink /tekton/home/.ssh /root/.ssh: file exists"}
{"level":"info","ts":1595971813.9901004,"caller":"git/git.go:133","msg":"Successfully initialized and updated submodules in path /workspace/source"}

Showing logs for build [32mablazleon-udagram-frontend-mast-7pfgp-3[0m stage [32mfrom-build-pack[0m and container [32mstep-setup-builder-home[0m

Showing logs for build [32mablazleon-udagram-frontend-mast-7pfgp-3[0m stage [32mfrom-build-pack[0m and container [32mstep-git-merge[0m
Using SHAs from PULL_REFS=master:1d87164d1950586bd0e36a49a4027a68ffa62e1b
WARNING: no SHAs to merge, falling back to initial cloned commit

Showing logs for build [32mablazleon-udagram-frontend-mast-7pfgp-3[0m stage [32mfrom-build-pack[0m and container [32mstep-setup-jx-git-credentials[0m
Generated Git credentials file /workspace/xdg_config/git/credentials

Showing logs for build [32mablazleon-udagram-frontend-mast-7pfgp-3[0m stage [32mfrom-build-pack[0m and container [32mstep-build-npmrc[0m
WARNING: failed to find Secret npm-token in namespace **

Showing logs for build [32mablazleon-udagram-frontend-mast-7pfgp-3[0m stage [32mfrom-build-pack[0m and container [32mstep-build-npm-install[0m

> core-js@3.6.4 postinstall /workspace/source/node_modules/@angular-devkit/build-angular/node_modules/core-js
> node -e "try{require('./postinstall')}catch(e){}"


> core-js@2.6.9 postinstall /workspace/source/node_modules/core-js
> node scripts/postinstall || echo "ignore"

[96mThank you for using core-js ([94m https://github.com/zloirock/core-js [96m) for polyfilling JavaScript standard library![0m

[96mThe project needs your help! Please consider supporting of core-js on Open Collective or Patreon: [0m
[96m>[94m https://opencollective.com/core-js [0m
[96m>[94m https://www.patreon.com/zloirock [0m

[96mAlso, the author of core-js ([94m https://github.com/zloirock [96m) is looking for a good job -)[0m


> @angular/cli@8.3.25 postinstall /workspace/source/node_modules/@angular/cli
> node ./bin/postinstall/script.js

npm WARN optional SKIPPING OPTIONAL DEPENDENCY: fsevents@1.2.9 (node_modules/fsevents):
npm WARN notsup SKIPPING OPTIONAL DEPENDENCY: Unsupported platform for fsevents@1.2.9: wanted {"os":"darwin","arch":"any"} (current: {"os":"linux","arch":"x64"})

added 1366 packages from 1049 contributors and audited 1437 packages in 46.036s
found 1386 vulnerabilities (1383 low, 1 moderate, 2 high)
  run `npm audit fix` to fix them, or `npm audit` for details

Showing logs for build [32mablazleon-udagram-frontend-mast-7pfgp-3[0m stage [32mfrom-build-pack[0m and container [32mstep-build-npm-test[0m

> udagram-frontend@0.0.1 test /workspace/source
> echo "test" 

test

Showing logs for build [32mablazleon-udagram-frontend-mast-7pfgp-3[0m stage [32mfrom-build-pack[0m and container [32mstep-build-container-build[0m
E0728 21:31:06.644622      11 aws_credentials.go:77] while getting AWS credentials NoCredentialProviders: no valid providers in chain. Deprecated.
	For verbose messaging see aws.Config.CredentialsChainVerboseErrors
[36mINFO[0m[0001] Using dockerignore file: /workspace/source/.dockerignore 
[36mINFO[0m[0001] Retrieving image manifest node:13            
E0728 21:31:07.021715      11 metadata.go:154] while reading 'google-dockercfg' metadata: http status code: 404 while fetching url http://metadata.google.internal./computeMetadata/v1/instance/attributes/google-dockercfg
E0728 21:31:07.024750      11 metadata.go:166] while reading 'google-dockercfg-url' metadata: http status code: 404 while fetching url http://metadata.google.internal./computeMetadata/v1/instance/attributes/google-dockercfg-url
[36mINFO[0m[0002] Retrieving image manifest node:13            
[36mINFO[0m[0003] Built cross stage deps: map[]                
[36mINFO[0m[0003] Retrieving image manifest node:13            
[36mINFO[0m[0004] Retrieving image manifest node:13            
[36mINFO[0m[0004] Executing 0 build triggers                   
[36mINFO[0m[0004] cmd: EXPOSE                                  
[36mINFO[0m[0004] Adding exposed port: 8080/tcp                
[36mINFO[0m[0018] Checking for cached layer gcr.io/myenv-283021/cache:c8de8ac3ec21d891b7904322509b18c7edde2e72dbc1d5b74f411ca73d8221cb... 
[36mINFO[0m[0018] No cached layer found for cmd COPY . .       
[36mINFO[0m[0018] Unpacking rootfs as cmd COPY . . requires it. 
[36mINFO[0m[0041] ENV PORT 8080                                
[36mINFO[0m[0041] No files changed in this command, skipping snapshotting. 
[36mINFO[0m[0041] EXPOSE 8080                                  
[36mINFO[0m[0041] cmd: EXPOSE                                  
[36mINFO[0m[0041] Adding exposed port: 8080/tcp                
[36mINFO[0m[0041] No files changed in this command, skipping snapshotting. 
[36mINFO[0m[0041] WORKDIR /usr/src/app                         
[36mINFO[0m[0041] cmd: workdir                                 
[36mINFO[0m[0041] Changed working directory to /usr/src/app    
[36mINFO[0m[0041] Creating directory /usr/src/app              
[36mINFO[0m[0041] Resolving 1 paths                            
[36mINFO[0m[0041] Taking snapshot of files...                  
[36mINFO[0m[0052] COPY . .                                     
[36mINFO[0m[0075] Resolving 85995 paths                        
[36mINFO[0m[0081] Taking snapshot of files...                  
[36mINFO[0m[0105] CMD ["npm", "start"]                         
[36mINFO[0m[0105] No files changed in this command, skipping snapshotting. 
[36mINFO[0m[0105] Pushing layer gcr.io/myenv-283021/cache:c8de8ac3ec21d891b7904322509b18c7edde2e72dbc1d5b74f411ca73d8221cb to cache now 

Showing logs for build [32mablazleon-udagram-frontend-mast-7pfgp-3[0m stage [32mfrom-build-pack[0m and container [32mstep-build-post-build[0m
no CVE provider running in the current ** namespace so skip adding image to be analysed

Showing logs for build [32mablazleon-udagram-frontend-mast-7pfgp-3[0m stage [32mfrom-build-pack[0m and container [32mstep-promote-changelog[0m
Converted /workspace/source/charts/udagram-frontend to an unshallow repository
Generating change log from git ref 5772ec2a0640af9755e6667d0c211b87802eb776 => 496f39b8d0a547f81b61b4023287ea6edbefc2a5
WARNING: Failed to enrich commit 082e5747721a85737d7a6aad27ca5eb227286753 with issues: selected more than one user from users.jenkins.io: [********* adri-n]
Associating user github in users.jenkins.io with email noreply@github.com to git GitProvider user with login GitHub-0 as emails match
Adding label jenkins.io/git-github-userid=GitHub-0 to user github in users.jenkins.io
Finding issues in commit messages using git format
WARNING: No release found for *********/udagram-frontend and tag v0.0.10 so creating a new release
Updated the release information at https://github.com/*********/udagram-frontend/releases/tag/v0.0.10
generated: /workspace/source/charts/udagram-frontend/templates/release.yaml
Created Release udagram-frontend-0-0-10 resource in namespace **
Updating PipelineActivity *********-udagram-frontend-master-3 with version 0.0.10
Updated PipelineActivities *********-udagram-frontend-master-3 with release notes URL: https://github.com/*********/udagram-frontend/releases/tag/v0.0.10

Showing logs for build [32mablazleon-udagram-frontend-mast-7pfgp-3[0m stage [32mfrom-build-pack[0m and container [32mstep-promote-helm-release[0m
WARNING: No $CHART_REPOSITORY defined so using the default value of: http://jenkins-x-chartmuseum:8080
Adding missing Helm repo: storage.googleapis.com https://storage.googleapis.com/chartmuseum.jenkins-x.io
Successfully added Helm repository storage.googleapis.com.
Adding missing Helm repo: jenkins-x-chartmuseum http://jenkins-x-chartmuseum:8080
Successfully added Helm repository jenkins-x-chartmuseum.
WARNING: No $CHART_REPOSITORY defined so using the default value of: http://jenkins-x-chartmuseum:8080
Uploading chart file udagram-frontend-0.0.10.tgz to http://jenkins-x-chartmuseum:8080/api/charts
Received 201 response: {"saved":true}

Showing logs for build [32mablazleon-udagram-frontend-mast-7pfgp-3[0m stage [32mfrom-build-pack[0m and container [32mstep-promote-jx-promote[0m
WARNING: prow based install so skip waiting for the merge of Pull Requests to go green as currently there is an issue with gettingstatuses from the PR, see https://github.com/jenkins-x/**/issues/2410
WARNING: No $CHART_REPOSITORY defined so using the default value of: http://jenkins-x-chartmuseum:8080
Promoting app udagram-frontend version 0.0.10 to namespace **-staging
Created Pull Request: https://github.com/*********/environment-c4-staging/pull/2
Added label updatebot to Pull Request https://github.com/*********/environment-c4-staging/pull/2
got git provider status pending from PR https://github.com/*********/environment-c4-staging/pull/2
Pull Request https://github.com/*********/environment-c4-staging/pull/2 is merged at sha 90adfd96230d561d13a2eba95c2af1b3583e7c37
Pull Request merged but we are not waiting for the update pipeline to complete!
